Using pre-set license
Built from '2020.3/staging' branch; Version is '2020.3.3f1 (76626098c1c4) revision 7758432'; Using compiler version '192528614'; Build Type 'Release'
OS: 'Windows 10 Home; OS build 19042.985; Version 2009; 64bit' Language: 'en' Physical Memory: 3984 MB
BatchMode: 1, IsHumanControllingUs: 0, StartBugReporterOnCrash: 0, Is64bit: 1, IsPro: 0

 COMMAND LINE ARGUMENTS:
C:\Program Files\Unity\Hub\Editor\2020.3.3f1\Editor\Unity.exe
-adb2
-batchMode
-noUpm
-name
AssetImportWorker2
-projectPath
C:/Users/emanu/Desktop/PROGRAMACION/Game dev/Domestika Projects/finishedgame
-logFile
Logs/AssetImportWorker2.log
-srvPort
56587
Successfully changed project path to: C:/Users/emanu/Desktop/PROGRAMACION/Game dev/Domestika Projects/finishedgame
C:/Users/emanu/Desktop/PROGRAMACION/Game dev/Domestika Projects/finishedgame
Using Asset Import Pipeline V2.
Refreshing native plugins compatible for Editor in 138.27 ms, found 0 plugins.
Preloading 0 native plugins for Editor in 0.00 ms.
Initialize engine version: 2020.3.3f1 (76626098c1c4)
[Subsystems] Discovering subsystems at path C:/Program Files/Unity/Hub/Editor/2020.3.3f1/Editor/Data/Resources/UnitySubsystems
[Subsystems] Discovering subsystems at path C:/Users/emanu/Desktop/PROGRAMACION/Game dev/Domestika Projects/finishedgame/Assets
GfxDevice: creating device client; threaded=0
Direct3D:
    Version:  Direct3D 11.0 [level 11.0]
    Renderer: Intel(R) HD Graphics (ID=0xf31)
    Vendor:   
    VRAM:     128 MB
    Driver:   10.18.10.4252
Initialize mono
Mono path[0] = 'C:/Program Files/Unity/Hub/Editor/2020.3.3f1/Editor/Data/Managed'
Mono path[1] = 'C:/Program Files/Unity/Hub/Editor/2020.3.3f1/Editor/Data/MonoBleedingEdge/lib/mono/unityjit'
Mono config path = 'C:/Program Files/Unity/Hub/Editor/2020.3.3f1/Editor/Data/MonoBleedingEdge/etc'
Using monoOptions --debugger-agent=transport=dt_socket,embedding=1,server=y,suspend=n,address=127.0.0.1:56340
Begin MonoManager ReloadAssembly
Registering precompiled unity dll's ...
Register platform support module: C:/Program Files/Unity/Hub/Editor/2020.3.3f1/Editor/Data/PlaybackEngines/WebGLSupport/UnityEditor.WebGL.Extensions.dll
Register platform support module: C:/Program Files/Unity/Hub/Editor/2020.3.3f1/Editor/Data/PlaybackEngines/WindowsStandaloneSupport/UnityEditor.WindowsStandalone.Extensions.dll
Registered in 0.010502 seconds.
Native extension for WindowsStandalone target not found
Native extension for WebGL target not found
Refreshing native plugins compatible for Editor in 116.26 ms, found 0 plugins.
Preloading 0 native plugins for Editor in 0.00 ms.
Invoked RoslynAnalysisRunner static constructor.
RoslynAnalysisRunner will not be running.
RoslynAnalysisRunner has terminated.
Mono: successfully reloaded assembly
- Completed reload, in  5.135 seconds
Platform modules already initialized, skipping
Registering precompiled user dll's ...
Registered in 0.003655 seconds.
Begin MonoManager ReloadAssembly
Native extension for WindowsStandalone target not found
Native extension for WebGL target not found
Refreshing native plugins compatible for Editor in 0.65 ms, found 0 plugins.
Preloading 0 native plugins for Editor in 0.00 ms.
Invoked RoslynAnalysisRunner static constructor.
RoslynAnalysisRunner will not be running.
RoslynAnalysisRunner has terminated.
Mono: successfully reloaded assembly
- Completed reload, in  4.179 seconds
Platform modules already initialized, skipping
========================================================================
Worker process is ready to serve import requests
Launched and connected shader compiler UnityShaderCompiler.exe after 0.14 seconds
Refreshing native plugins compatible for Editor in 1.03 ms, found 0 plugins.
Preloading 0 native plugins for Editor in 0.00 ms.
Unloading 1256 Unused Serialized files (Serialized files now loaded: 0)
System memory in use before: 135.5 MB.
System memory in use after: 135.6 MB.

Unloading 14 unused Assets to reduce memory usage. Loaded Objects now: 1706.
Total: 6.413600 ms (FindLiveObjects: 0.501900 ms CreateObjectMapping: 0.117400 ms MarkObjects: 5.528500 ms  DeleteObjects: 0.259900 ms)

========================================================================
Received Import Request.
  path: Assets/Tiles/C6L4.asset
  artifactKey: Guid(921e9ba981829458399f546b9eb09f4c) Importer(815301076,1909f56bfc062723c751e8b465ee728b)
Start importing Assets/Tiles/C6L4.asset using Guid(921e9ba981829458399f546b9eb09f4c) Importer(815301076,1909f56bfc062723c751e8b465ee728b)  -> (artifact id: 'f1c9e2c26604bb385887f12b2a1bc7c2') in 1.270815 seconds
  Import took 1.310654 seconds .

========================================================================
Received Import Request.
  Time since last request: 0.000726 seconds.
  path: Assets/Fonts/My Color Gradient.asset
  artifactKey: Guid(8cda2f363a5bd432084692a0c6fd3089) Importer(815301076,1909f56bfc062723c751e8b465ee728b)
Start importing Assets/Fonts/My Color Gradient.asset using Guid(8cda2f363a5bd432084692a0c6fd3089) Importer(815301076,1909f56bfc062723c751e8b465ee728b)  -> (artifact id: 'f955fc3b68600b5c605c4b85682ce673') in 0.148225 seconds
  Import took 0.155755 seconds .

========================================================================
Received Import Request.
  Time since last request: 0.000668 seconds.
  path: Assets/Particles/explosion.png
  artifactKey: Guid(869f03a0aa79344c297c57caa18135c8) Importer(815301076,1909f56bfc062723c751e8b465ee728b)
Start importing Assets/Particles/explosion.png using Guid(869f03a0aa79344c297c57caa18135c8) Importer(815301076,1909f56bfc062723c751e8b465ee728b)  -> (artifact id: 'd73706708ee54e18858a3eaf78dac343') in 1.307940 seconds
  Import took 1.326073 seconds .

========================================================================
Received Import Request.
  Time since last request: 0.000709 seconds.
  path: Assets/Prefabs/Small Bullet.prefab
  artifactKey: Guid(3d246caa22ec54917a285457f0736c2f) Importer(815301076,1909f56bfc062723c751e8b465ee728b)
Start importing Assets/Prefabs/Small Bullet.prefab using Guid(3d246caa22ec54917a285457f0736c2f) Importer(815301076,1909f56bfc062723c751e8b465ee728b)  -> (artifact id: '5ed6cab887c81fcf6d367273b7c6162d') in 0.287363 seconds
  Import took 0.322321 seconds .

========================================================================
Received Import Request.
  Time since last request: 0.000560 seconds.
  path: Assets/Tiles/MP_02_Tileset_5.asset
  artifactKey: Guid(701c0404ef0994e8aba5357bc860ad51) Importer(815301076,1909f56bfc062723c751e8b465ee728b)
Start importing Assets/Tiles/MP_02_Tileset_5.asset using Guid(701c0404ef0994e8aba5357bc860ad51) Importer(815301076,1909f56bfc062723c751e8b465ee728b)  -> (artifact id: 'f0dda18c12d638130df81894673fb502') in 0.150296 seconds
  Import took 0.158129 seconds .

========================================================================
Received Import Request.
  Time since last request: 0.000643 seconds.
  path: Assets/Tiles/MP_02_Tileset_4.asset
  artifactKey: Guid(744dd4d5bd2ac43bf98f6156185dc782) Importer(815301076,1909f56bfc062723c751e8b465ee728b)
Start importing Assets/Tiles/MP_02_Tileset_4.asset using Guid(744dd4d5bd2ac43bf98f6156185dc782) Importer(815301076,1909f56bfc062723c751e8b465ee728b)  -> (artifact id: '7d1469f558b97b79dfa7dd92b90a56e6') in 0.073470 seconds
  Import took 0.082731 seconds .

========================================================================
Received Import Request.
  Time since last request: 0.001079 seconds.
  path: Assets/Tiles/MP_02_Tileset_3.asset
  artifactKey: Guid(05ce8abf12c344a1aa05676b24ccc6a0) Importer(815301076,1909f56bfc062723c751e8b465ee728b)
Start importing Assets/Tiles/MP_02_Tileset_3.asset using Guid(05ce8abf12c344a1aa05676b24ccc6a0) Importer(815301076,1909f56bfc062723c751e8b465ee728b)  -> (artifact id: 'e6e0717985266cbfad8610205d403284') in 0.107741 seconds
  Import took 0.132153 seconds .

========================================================================
Received Import Request.
  Time since last request: 0.000816 seconds.
  path: Assets/Sprites/Weapon_&_Bullet_MuchoPixels.png
  artifactKey: Guid(05ee4a895288a420bb3b4f018d07960a) Importer(815301076,1909f56bfc062723c751e8b465ee728b)
Start importing Assets/Sprites/Weapon_&_Bullet_MuchoPixels.png using Guid(05ee4a895288a420bb3b4f018d07960a) Importer(815301076,1909f56bfc062723c751e8b465ee728b)  -> (artifact id: '357771da6f5255da3ef5654b4b1f4056') in 0.494638 seconds
  Import took 0.544377 seconds .

========================================================================
Received Import Request.
  Time since last request: 0.000644 seconds.
  path: Assets/Prefabs/Dust.prefab
  artifactKey: Guid(642cde6390b0e43879f90361d6a48a86) Importer(815301076,1909f56bfc062723c751e8b465ee728b)
Start importing Assets/Prefabs/Dust.prefab using Guid(642cde6390b0e43879f90361d6a48a86) Importer(815301076,1909f56bfc062723c751e8b465ee728b)  -> (artifact id: 'e9dff78caab23a4544ec38fbd262ee79') in 0.334608 seconds
  Import took 0.353628 seconds .

========================================================================
Received Import Request.
  Time since last request: 0.000727 seconds.
  path: Assets/Prefabs/Recovery Health Big.prefab
  artifactKey: Guid(998019bc954a04264997adf5b3253507) Importer(815301076,1909f56bfc062723c751e8b465ee728b)
Start importing Assets/Prefabs/Recovery Health Big.prefab using Guid(998019bc954a04264997adf5b3253507) Importer(815301076,1909f56bfc062723c751e8b465ee728b)  -> (artifact id: '0ebe007257c84198698f336f40faca4d') in 0.134264 seconds
  Import took 0.158766 seconds .

========================================================================
Received Import Request.
  Time since last request: 0.002272 seconds.
  path: Assets/Brushes/Healthy Brush.asset
  artifactKey: Guid(5783c6c192d14424d8109676a4d58ec7) Importer(815301076,1909f56bfc062723c751e8b465ee728b)
Start importing Assets/Brushes/Healthy Brush.asset using Guid(5783c6c192d14424d8109676a4d58ec7) Importer(815301076,1909f56bfc062723c751e8b465ee728b)  -> (artifact id: 'e7a633b68b7a9547d7a301fb121c827f') in 0.111850 seconds
  Import took 0.144647 seconds .

========================================================================
Received Import Request.
  Time since last request: 0.000718 seconds.
  path: Assets/Sprites/Dust_50x50.png
  artifactKey: Guid(03383eeec39b44293a79601239cb5d19) Importer(815301076,1909f56bfc062723c751e8b465ee728b)
Start importing Assets/Sprites/Dust_50x50.png using Guid(03383eeec39b44293a79601239cb5d19) Importer(815301076,1909f56bfc062723c751e8b465ee728b)  -> (artifact id: '569380a9f1f6abfa7a832d4e47a8ef7c') in 0.420382 seconds
  Import took 0.443032 seconds .

========================================================================
Received Import Request.
  Time since last request: 0.000488 seconds.
  path: Assets/Prefabs/Enemy.prefab
  artifactKey: Guid(2a8e1e5319c9444fdb1875cd1e8fc332) Importer(815301076,1909f56bfc062723c751e8b465ee728b)
Start importing Assets/Prefabs/Enemy.prefab using Guid(2a8e1e5319c9444fdb1875cd1e8fc332) Importer(815301076,1909f56bfc062723c751e8b465ee728b)  -> (artifact id: 'bd467accab1df05203bd7dedfe76c634') in 0.222099 seconds
  Import took 0.241634 seconds .

========================================================================
Received Import Request.
  Time since last request: 0.000555 seconds.
  path: Assets/Prefabs/Big Weapon.prefab
  artifactKey: Guid(0525d2feb15504646846c563eddf7dd7) Importer(815301076,1909f56bfc062723c751e8b465ee728b)
Start importing Assets/Prefabs/Big Weapon.prefab using Guid(0525d2feb15504646846c563eddf7dd7) Importer(815301076,1909f56bfc062723c751e8b465ee728b)  -> (artifact id: 'c3ae504e3832f2f3117169f212957f9e') in 0.132281 seconds
  Import took 0.168600 seconds .

========================================================================
Received Import Request.
  Time since last request: 0.002316 seconds.
  path: Assets/Tiles/MP_02_Tileset_1.asset
  artifactKey: Guid(bec9dc1b4ce2e4182a29ef241d6e47d8) Importer(815301076,1909f56bfc062723c751e8b465ee728b)
Start importing Assets/Tiles/MP_02_Tileset_1.asset using Guid(bec9dc1b4ce2e4182a29ef241d6e47d8) Importer(815301076,1909f56bfc062723c751e8b465ee728b)  -> (artifact id: '1ff46d7446b738929bae836bb081b046') in 0.147903 seconds
  Import took 0.172486 seconds .

========================================================================
Received Import Request.
  Time since last request: 0.000662 seconds.
  path: Assets/Sprites/MuchoPixels_Atlas.png
  artifactKey: Guid(d908c3942b61e409180bc82b102f6669) Importer(815301076,1909f56bfc062723c751e8b465ee728b)
Start importing Assets/Sprites/MuchoPixels_Atlas.png using Guid(d908c3942b61e409180bc82b102f6669) Importer(815301076,1909f56bfc062723c751e8b465ee728b)  -> (artifact id: 'b23e92c0f249063017b5f769be185201') in 0.294753 seconds
  Import took 0.300960 seconds .

========================================================================
Received Import Request.
  Time since last request: 0.000655 seconds.
  path: Assets/Sprites/Player_FINAL_64x64px_MuchoPixels.png
  artifactKey: Guid(9360158bb65c44ea69ad646ad93bc186) Importer(815301076,1909f56bfc062723c751e8b465ee728b)
Start importing Assets/Sprites/Player_FINAL_64x64px_MuchoPixels.png using Guid(9360158bb65c44ea69ad646ad93bc186) Importer(815301076,1909f56bfc062723c751e8b465ee728b)  -> (artifact id: '02e93c9c263af54f66c46ede5f7b2c3d') in 0.594445 seconds
  Import took 0.629804 seconds .

========================================================================
Received Import Request.
  Time since last request: 0.000857 seconds.
  path: Assets/Particles/Explosion.mat
  artifactKey: Guid(fcabde9f59fbf4da485388d7e563ece5) Importer(815301076,1909f56bfc062723c751e8b465ee728b)
Start importing Assets/Particles/Explosion.mat using Guid(fcabde9f59fbf4da485388d7e563ece5) Importer(815301076,1909f56bfc062723c751e8b465ee728b)  -> (artifact id: '60e732b492b36957efe2f9eec54cd9d0') in 0.372632 seconds
  Import took 0.392859 seconds .

========================================================================
Received Import Request.
  Time since last request: 0.000830 seconds.
  path: Assets/Animations/Player/Attacking.anim
  artifactKey: Guid(e1a57fc9bd2e9499f9baa8ced928c21b) Importer(815301076,1909f56bfc062723c751e8b465ee728b)
Start importing Assets/Animations/Player/Attacking.anim using Guid(e1a57fc9bd2e9499f9baa8ced928c21b) Importer(815301076,1909f56bfc062723c751e8b465ee728b)  -> (artifact id: 'b73317f47a6e6008c8ad16c20497abe8') in 0.054302 seconds
  Import took 0.087469 seconds .

========================================================================
Received Import Request.
  Time since last request: 0.000692 seconds.
  path: Assets/Sprites/Enemy_Walk_&_Shoot_64x64_MuchoPixels.png
  artifactKey: Guid(bab8b07fa1b7e41d8bd5a506d496b2c9) Importer(815301076,1909f56bfc062723c751e8b465ee728b)
Start importing Assets/Sprites/Enemy_Walk_&_Shoot_64x64_MuchoPixels.png using Guid(bab8b07fa1b7e41d8bd5a506d496b2c9) Importer(815301076,1909f56bfc062723c751e8b465ee728b)  -> (artifact id: '5cabd86f944f18b9c9155040601d05bb') in 0.188739 seconds
  Import took 0.196511 seconds .

========================================================================
Received Import Request.
  Time since last request: 0.000745 seconds.
  path: Assets/Audio/laser.wav
  artifactKey: Guid(af93368844add43a3a16f2140f8afc80) Importer(815301076,1909f56bfc062723c751e8b465ee728b)
Start importing Assets/Audio/laser.wav using Guid(af93368844add43a3a16f2140f8afc80) Importer(815301076,1909f56bfc062723c751e8b465ee728b)  -> (artifact id: '4ee144fb5ebad196c067e9f2a5537d62') in 0.887255 seconds
  Import took 0.912554 seconds .

========================================================================
Received Import Request.
  Time since last request: 0.000770 seconds.
  path: Assets/Prefabs/Big Bullet.prefab
  artifactKey: Guid(43f52342eea6e42fba52e6bd9dc16fad) Importer(815301076,1909f56bfc062723c751e8b465ee728b)
Start importing Assets/Prefabs/Big Bullet.prefab using Guid(43f52342eea6e42fba52e6bd9dc16fad) Importer(815301076,1909f56bfc062723c751e8b465ee728b)  -> (artifact id: '1633c6bf872e0d67598b565e21b9ed0f') in 0.136750 seconds
  Import took 0.147736 seconds .

========================================================================
Received Import Request.
  Time since last request: 0.000534 seconds.
  path: Assets/Sprites/RecoveryHealth.png
  artifactKey: Guid(4a2d10f61eca94315be4e556265d0d4d) Importer(815301076,1909f56bfc062723c751e8b465ee728b)
Start importing Assets/Sprites/RecoveryHealth.png using Guid(4a2d10f61eca94315be4e556265d0d4d) Importer(815301076,1909f56bfc062723c751e8b465ee728b)  -> (artifact id: '824c244e0d54f3fd9cf55415768f4313') in 0.119443 seconds
  Import took 0.139197 seconds .

========================================================================
Received Import Request.
  Time since last request: 0.000545 seconds.
  path: Assets/Audio/sword.wav
  artifactKey: Guid(8be8ee375938d4887a80c5e15c4d3dbf) Importer(815301076,1909f56bfc062723c751e8b465ee728b)
Start importing Assets/Audio/sword.wav using Guid(8be8ee375938d4887a80c5e15c4d3dbf) Importer(815301076,1909f56bfc062723c751e8b465ee728b)  -> (artifact id: '59ac3d6ad05da11a3ef2cd23376b55dc') in 0.207594 seconds
  Import took 0.245979 seconds .

========================================================================
Received Import Request.
  Time since last request: 0.000651 seconds.
  path: Assets/Sprites/MP_02_Tileset.png
  artifactKey: Guid(188b44a70aeed42f6a09f704ded21695) Importer(815301076,1909f56bfc062723c751e8b465ee728b)
Start importing Assets/Sprites/MP_02_Tileset.png using Guid(188b44a70aeed42f6a09f704ded21695) Importer(815301076,1909f56bfc062723c751e8b465ee728b)  -> (artifact id: 'ec36bce2ae489b6b6b2f933a16456622') in 0.516387 seconds
  Import took 0.527278 seconds .

========================================================================
Received Import Request.
  Time since last request: 0.000834 seconds.
  path: Assets/Tile Palettes/MyPalette.prefab
  artifactKey: Guid(5a264731d406c4edda5c02dd29359e6d) Importer(815301076,1909f56bfc062723c751e8b465ee728b)
Start importing Assets/Tile Palettes/MyPalette.prefab using Guid(5a264731d406c4edda5c02dd29359e6d) Importer(815301076,1909f56bfc062723c751e8b465ee728b)  -> (artifact id: 'e8a99a3bf7027becbab6ce0216556578') in 0.129745 seconds
  Import took 0.137588 seconds .

========================================================================
Received Import Request.
  Time since last request: 0.000659 seconds.
  path: Assets/Tiles/MP_02_Tileset_0.asset
  artifactKey: Guid(ed800d224f4a247c8afa6799f6cac16a) Importer(815301076,1909f56bfc062723c751e8b465ee728b)
Start importing Assets/Tiles/MP_02_Tileset_0.asset using Guid(ed800d224f4a247c8afa6799f6cac16a) Importer(815301076,1909f56bfc062723c751e8b465ee728b)  -> (artifact id: 'fb9454983a9acd8c743865edead39d49') in 0.054344 seconds
  Import took 0.075459 seconds .

========================================================================
Received Import Request.
  Time since last request: 0.001022 seconds.
  path: Assets/Prefabs/Small Weapon.prefab
  artifactKey: Guid(2963883ea904e4bdaae5b564b64b31fb) Importer(815301076,1909f56bfc062723c751e8b465ee728b)
Start importing Assets/Prefabs/Small Weapon.prefab using Guid(2963883ea904e4bdaae5b564b64b31fb) Importer(815301076,1909f56bfc062723c751e8b465ee728b)  -> (artifact id: '196a5b998f216c913e93f9f76013d874') in 0.110442 seconds
  Import took 0.119454 seconds .

========================================================================
Received Import Request.
  Time since last request: 0.000642 seconds.
  path: Assets/Tiles/MP_02_Tileset_2.asset
  artifactKey: Guid(4abbf845eac824fde909efa5e0e3e3b1) Importer(815301076,1909f56bfc062723c751e8b465ee728b)
Start importing Assets/Tiles/MP_02_Tileset_2.asset using Guid(4abbf845eac824fde909efa5e0e3e3b1) Importer(815301076,1909f56bfc062723c751e8b465ee728b)  -> (artifact id: '71919eff73d47ec31d4ae215da931b24') in 0.075597 seconds
  Import took 0.084201 seconds .

========================================================================
Received Import Request.
  Time since last request: 0.001003 seconds.
  path: Assets/Materials/Ice.physicsMaterial2D
  artifactKey: Guid(f43dcd8d9880e4bfba8eb6c5b10d2acd) Importer(815301076,1909f56bfc062723c751e8b465ee728b)
Start importing Assets/Materials/Ice.physicsMaterial2D using Guid(f43dcd8d9880e4bfba8eb6c5b10d2acd) Importer(815301076,1909f56bfc062723c751e8b465ee728b)  -> (artifact id: '88f2022850fd5c16a2bcc3b9d814a335') in 0.059818 seconds
  Import took 0.067676 seconds .

========================================================================
Received Import Request.
  Time since last request: 0.001091 seconds.
  path: Assets/Particles/Explosion Particle.prefab
  artifactKey: Guid(915bcc5c32603468590711947a5b458a) Importer(815301076,1909f56bfc062723c751e8b465ee728b)
Start importing Assets/Particles/Explosion Particle.prefab using Guid(915bcc5c32603468590711947a5b458a) Importer(815301076,1909f56bfc062723c751e8b465ee728b)  -> (artifact id: '581e0a783d1d41510c8048c46990106b') in 0.049225 seconds
  Import took 0.060820 seconds .

========================================================================
Received Import Request.
  Time since last request: 0.964965 seconds.
  path: Assets/Prefabs/Strong Enemy.prefab
  artifactKey: Guid(64676c8c9091c40c18949e8977971ebc) Importer(815301076,1909f56bfc062723c751e8b465ee728b)
Start importing Assets/Prefabs/Strong Enemy.prefab using Guid(64676c8c9091c40c18949e8977971ebc) Importer(815301076,1909f56bfc062723c751e8b465ee728b)  -> (artifact id: '1c9cff3742948765c893a6de98ce3c65') in 0.129521 seconds
  Import took 0.137058 seconds .

========================================================================
Received Prepare
Refreshing native plugins compatible for Editor in 3.93 ms, found 0 plugins.
Preloading 0 native plugins for Editor in 0.00 ms.
Unloading 3 Unused Serialized files (Serialized files now loaded: 0)
System memory in use before: 115.5 MB.
System memory in use after: 115.6 MB.

Unloading 2 unused Assets to reduce memory usage. Loaded Objects now: 1784.
Total: 6.489400 ms (FindLiveObjects: 0.481600 ms CreateObjectMapping: 0.113700 ms MarkObjects: 5.840200 ms  DeleteObjects: 0.048300 ms)

========================================================================
Received Prepare
Registering precompiled user dll's ...
Registered in 0.002802 seconds.
Begin MonoManager ReloadAssembly
Native extension for WindowsStandalone target not found
Native extension for WebGL target not found
Refreshing native plugins compatible for Editor in 1.16 ms, found 0 plugins.
Preloading 0 native plugins for Editor in 0.00 ms.
Invoked RoslynAnalysisRunner static constructor.
RoslynAnalysisRunner will not be running.
RoslynAnalysisRunner has terminated.
Mono: successfully reloaded assembly
- Completed reload, in  5.430 seconds
Platform modules already initialized, skipping
Refreshing native plugins compatible for Editor in 0.82 ms, found 0 plugins.
Preloading 0 native plugins for Editor in 0.00 ms.
Unloading 1239 Unused Serialized files (Serialized files now loaded: 0)
System memory in use before: 137.9 MB.
System memory in use after: 138.0 MB.

Unloading 5 unused Assets to reduce memory usage. Loaded Objects now: 1788.
Total: 12.726700 ms (FindLiveObjects: 1.957800 ms CreateObjectMapping: 2.255900 ms MarkObjects: 8.439500 ms  DeleteObjects: 0.067200 ms)

========================================================================
Received Prepare
Registering precompiled user dll's ...
Registered in 0.003037 seconds.
Begin MonoManager ReloadAssembly
Native extension for WindowsStandalone target not found
Native extension for WebGL target not found
Refreshing native plugins compatible for Editor in 0.98 ms, found 0 plugins.
Preloading 0 native plugins for Editor in 0.00 ms.
Invoked RoslynAnalysisRunner static constructor.
RoslynAnalysisRunner will not be running.
RoslynAnalysisRunner has terminated.
Mono: successfully reloaded assembly
- Completed reload, in  4.020 seconds
Platform modules already initialized, skipping
Refreshing native plugins compatible for Editor in 0.70 ms, found 0 plugins.
Preloading 0 native plugins for Editor in 0.00 ms.
Unloading 1238 Unused Serialized files (Serialized files now loaded: 0)
System memory in use before: 137.9 MB.
System memory in use after: 138.0 MB.

Unloading 5 unused Assets to reduce memory usage. Loaded Objects now: 1791.
Total: 5.507500 ms (FindLiveObjects: 0.538700 ms CreateObjectMapping: 0.128300 ms MarkObjects: 4.783400 ms  DeleteObjects: 0.052400 ms)

========================================================================
Received Prepare
Registering precompiled user dll's ...
Registered in 0.006401 seconds.
Begin MonoManager ReloadAssembly
Native extension for WindowsStandalone target not found
Native extension for WebGL target not found
Refreshing native plugins compatible for Editor in 0.64 ms, found 0 plugins.
Preloading 0 native plugins for Editor in 0.00 ms.
Invoked RoslynAnalysisRunner static constructor.
RoslynAnalysisRunner will not be running.
RoslynAnalysisRunner has terminated.
Mono: successfully reloaded assembly
- Completed reload, in  4.059 seconds
Platform modules already initialized, skipping
Refreshing native plugins compatible for Editor in 0.96 ms, found 0 plugins.
Preloading 0 native plugins for Editor in 0.00 ms.
Unloading 1238 Unused Serialized files (Serialized files now loaded: 0)
System memory in use before: 137.9 MB.
System memory in use after: 138.0 MB.

Unloading 5 unused Assets to reduce memory usage. Loaded Objects now: 1794.
Total: 10.719600 ms (FindLiveObjects: 0.575100 ms CreateObjectMapping: 0.171500 ms MarkObjects: 9.911200 ms  DeleteObjects: 0.056600 ms)

========================================================================
Received Prepare
Registering precompiled user dll's ...
Registered in 0.003097 seconds.
Begin MonoManager ReloadAssembly
Native extension for WindowsStandalone target not found
Native extension for WebGL target not found
Refreshing native plugins compatible for Editor in 0.64 ms, found 0 plugins.
Preloading 0 native plugins for Editor in 0.00 ms.
Invoked RoslynAnalysisRunner static constructor.
RoslynAnalysisRunner will not be running.
RoslynAnalysisRunner has terminated.
Mono: successfully reloaded assembly
- Completed reload, in  3.920 seconds
Platform modules already initialized, skipping
Refreshing native plugins compatible for Editor in 0.91 ms, found 0 plugins.
Preloading 0 native plugins for Editor in 0.00 ms.
Unloading 1238 Unused Serialized files (Serialized files now loaded: 0)
System memory in use before: 137.9 MB.
System memory in use after: 138.0 MB.

Unloading 5 unused Assets to reduce memory usage. Loaded Objects now: 1797.
Total: 9.758000 ms (FindLiveObjects: 0.745500 ms CreateObjectMapping: 1.902000 ms MarkObjects: 6.833400 ms  DeleteObjects: 0.270400 ms)

========================================================================
Received Import Request.
  Time since last request: 2546.111444 seconds.
  path: Assets/Scripts
  artifactKey: Guid(c20a6f3d7117d4afa95946a26891e06b) Importer(815301076,1909f56bfc062723c751e8b465ee728b)
Start importing Assets/Scripts using Guid(c20a6f3d7117d4afa95946a26891e06b) Importer(815301076,1909f56bfc062723c751e8b465ee728b)  -> (artifact id: '24c3531e761369a1e744b2de72bc1851') in 0.040361 seconds
  Import took 0.081772 seconds .

========================================================================
Received Import Request.
  Time since last request: 13.891810 seconds.
  path: Assets/Scripts/quitGame.cs
  artifactKey: Guid(665027a6f07ad434a9d113ec96648522) Importer(815301076,1909f56bfc062723c751e8b465ee728b)
Start importing Assets/Scripts/quitGame.cs using Guid(665027a6f07ad434a9d113ec96648522) Importer(815301076,1909f56bfc062723c751e8b465ee728b)  -> (artifact id: '1d509e4956709f070d4be4402572fa8f') in 0.527120 seconds
  Import took 0.534397 seconds .

========================================================================
Received Import Request.
  Time since last request: 0.816100 seconds.
  path: Assets/Scripts/quitGame.cs
  artifactKey: Guid(665027a6f07ad434a9d113ec96648522) Importer(815301076,1909f56bfc062723c751e8b465ee728b)
Start importing Assets/Scripts/quitGame.cs using Guid(665027a6f07ad434a9d113ec96648522) Importer(815301076,1909f56bfc062723c751e8b465ee728b)  -> (artifact id: '1d509e4956709f070d4be4402572fa8f') in 0.016179 seconds
  Import took 0.054177 seconds .

========================================================================
Received Prepare
Registering precompiled user dll's ...
Registered in 0.003499 seconds.
Begin MonoManager ReloadAssembly
Native extension for WindowsStandalone target not found
Native extension for WebGL target not found
Refreshing native plugins compatible for Editor in 0.61 ms, found 0 plugins.
Preloading 0 native plugins for Editor in 0.00 ms.
Invoked RoslynAnalysisRunner static constructor.
RoslynAnalysisRunner will not be running.
RoslynAnalysisRunner has terminated.
Mono: successfully reloaded assembly
- Completed reload, in  5.217 seconds
Platform modules already initialized, skipping
Refreshing native plugins compatible for Editor in 1.02 ms, found 0 plugins.
Preloading 0 native plugins for Editor in 0.00 ms.
Unloading 1239 Unused Serialized files (Serialized files now loaded: 0)
System memory in use before: 138.0 MB.
System memory in use after: 138.1 MB.

Unloading 5 unused Assets to reduce memory usage. Loaded Objects now: 1801.
Total: 5.674300 ms (FindLiveObjects: 0.504900 ms CreateObjectMapping: 0.170500 ms MarkObjects: 4.946600 ms  DeleteObjects: 0.047100 ms)

========================================================================
Received Prepare
Registering precompiled user dll's ...
Registered in 0.002811 seconds.
Begin MonoManager ReloadAssembly
Native extension for WindowsStandalone target not found
Native extension for WebGL target not found
Refreshing native plugins compatible for Editor in 0.63 ms, found 0 plugins.
Preloading 0 native plugins for Editor in 0.00 ms.
Invoked RoslynAnalysisRunner static constructor.
RoslynAnalysisRunner will not be running.
RoslynAnalysisRunner has terminated.
Mono: successfully reloaded assembly
- Completed reload, in  4.623 seconds
Platform modules already initialized, skipping
Refreshing native plugins compatible for Editor in 0.74 ms, found 0 plugins.
Preloading 0 native plugins for Editor in 0.00 ms.
Unloading 1239 Unused Serialized files (Serialized files now loaded: 0)
System memory in use before: 138.0 MB.
System memory in use after: 138.1 MB.

Unloading 5 unused Assets to reduce memory usage. Loaded Objects now: 1804.
Total: 5.369400 ms (FindLiveObjects: 0.634900 ms CreateObjectMapping: 0.165300 ms MarkObjects: 4.500400 ms  DeleteObjects: 0.063000 ms)

========================================================================
Received Prepare
Registering precompiled user dll's ...
Registered in 0.002722 seconds.
Begin MonoManager ReloadAssembly
Native extension for WindowsStandalone target not found
Native extension for WebGL target not found
Refreshing native plugins compatible for Editor in 0.63 ms, found 0 plugins.
Preloading 0 native plugins for Editor in 0.00 ms.
Invoked RoslynAnalysisRunner static constructor.
RoslynAnalysisRunner will not be running.
RoslynAnalysisRunner has terminated.
Mono: successfully reloaded assembly
- Completed reload, in  4.645 seconds
Platform modules already initialized, skipping
Refreshing native plugins compatible for Editor in 0.68 ms, found 0 plugins.
Preloading 0 native plugins for Editor in 0.00 ms.
Unloading 1239 Unused Serialized files (Serialized files now loaded: 0)
System memory in use before: 138.0 MB.
System memory in use after: 138.1 MB.

Unloading 5 unused Assets to reduce memory usage. Loaded Objects now: 1807.
Total: 5.267900 ms (FindLiveObjects: 0.547100 ms CreateObjectMapping: 0.148200 ms MarkObjects: 4.519200 ms  DeleteObjects: 0.048200 ms)

========================================================================
Received Prepare
Registering precompiled user dll's ...
Registered in 0.003665 seconds.
Begin MonoManager ReloadAssembly
Native extension for WindowsStandalone target not found
Native extension for WebGL target not found
Refreshing native plugins compatible for Editor in 0.72 ms, found 0 plugins.
Preloading 0 native plugins for Editor in 0.00 ms.
Invoked RoslynAnalysisRunner static constructor.
RoslynAnalysisRunner will not be running.
RoslynAnalysisRunner has terminated.
Mono: successfully reloaded assembly
- Completed reload, in  4.719 seconds
Platform modules already initialized, skipping
Refreshing native plugins compatible for Editor in 0.68 ms, found 0 plugins.
Preloading 0 native plugins for Editor in 0.00 ms.
Unloading 1239 Unused Serialized files (Serialized files now loaded: 0)
System memory in use before: 138.0 MB.
System memory in use after: 138.1 MB.

Unloading 5 unused Assets to reduce memory usage. Loaded Objects now: 1810.
Total: 6.850200 ms (FindLiveObjects: 0.628300 ms CreateObjectMapping: 0.211600 ms MarkObjects: 5.935800 ms  DeleteObjects: 0.068400 ms)

========================================================================
Received Import Request.
  Time since last request: 1394.133435 seconds.
  path: Assets/Scripts/Weapon.cs
  artifactKey: Guid(a30243acd3c7b4524a2faeb30f69b75e) Importer(815301076,1909f56bfc062723c751e8b465ee728b)
Start importing Assets/Scripts/Weapon.cs using Guid(a30243acd3c7b4524a2faeb30f69b75e) Importer(815301076,1909f56bfc062723c751e8b465ee728b)  -> (artifact id: '58f2482c4cfb5418014f328e082efa67') in 0.039287 seconds
  Import took 0.070774 seconds .

========================================================================
Received Import Request.
  Time since last request: 0.015563 seconds.
  path: Assets/Scripts/Weapon.cs
  artifactKey: Guid(a30243acd3c7b4524a2faeb30f69b75e) Importer(815301076,1909f56bfc062723c751e8b465ee728b)
Start importing Assets/Scripts/Weapon.cs using Guid(a30243acd3c7b4524a2faeb30f69b75e) Importer(815301076,1909f56bfc062723c751e8b465ee728b)  -> (artifact id: '58f2482c4cfb5418014f328e082efa67') in 0.018954 seconds
  Import took 0.029753 seconds .

========================================================================
Received Import Request.
  Time since last request: 0.839889 seconds.
  path: Assets/Scripts/TestingKeys.cs
  artifactKey: Guid(8d057e6f1d68a4582bdc84ec4dc6115e) Importer(815301076,1909f56bfc062723c751e8b465ee728b)
Start importing Assets/Scripts/TestingKeys.cs using Guid(8d057e6f1d68a4582bdc84ec4dc6115e) Importer(815301076,1909f56bfc062723c751e8b465ee728b)  -> (artifact id: '057e5d8ba32f8191b3695d2d9ff30184') in 0.064703 seconds
  Import took 0.097101 seconds .

========================================================================
Received Prepare
Registering precompiled user dll's ...
Registered in 0.003016 seconds.
Begin MonoManager ReloadAssembly
Native extension for WindowsStandalone target not found
Native extension for WebGL target not found
Refreshing native plugins compatible for Editor in 0.62 ms, found 0 plugins.
Preloading 0 native plugins for Editor in 0.00 ms.
Invoked RoslynAnalysisRunner static constructor.
RoslynAnalysisRunner will not be running.
RoslynAnalysisRunner has terminated.
Mono: successfully reloaded assembly
- Completed reload, in  4.003 seconds
Platform modules already initialized, skipping
Refreshing native plugins compatible for Editor in 0.68 ms, found 0 plugins.
Preloading 0 native plugins for Editor in 0.00 ms.
Unloading 1239 Unused Serialized files (Serialized files now loaded: 0)
System memory in use before: 138.0 MB.
System memory in use after: 138.1 MB.

Unloading 5 unused Assets to reduce memory usage. Loaded Objects now: 1813.
Total: 7.027400 ms (FindLiveObjects: 0.523500 ms CreateObjectMapping: 0.140300 ms MarkObjects: 6.284300 ms  DeleteObjects: 0.072600 ms)

========================================================================
Received Prepare
Registering precompiled user dll's ...
Registered in 0.003713 seconds.
Begin MonoManager ReloadAssembly
Native extension for WindowsStandalone target not found
Native extension for WebGL target not found
Refreshing native plugins compatible for Editor in 0.91 ms, found 0 plugins.
Preloading 0 native plugins for Editor in 0.00 ms.
Invoked RoslynAnalysisRunner static constructor.
RoslynAnalysisRunner will not be running.
RoslynAnalysisRunner has terminated.
Mono: successfully reloaded assembly
- Completed reload, in  4.546 seconds
Platform modules already initialized, skipping
Refreshing native plugins compatible for Editor in 0.76 ms, found 0 plugins.
Preloading 0 native plugins for Editor in 0.00 ms.
Unloading 1239 Unused Serialized files (Serialized files now loaded: 0)
System memory in use before: 138.0 MB.
System memory in use after: 138.1 MB.

Unloading 5 unused Assets to reduce memory usage. Loaded Objects now: 1816.
Total: 5.834300 ms (FindLiveObjects: 0.753600 ms CreateObjectMapping: 0.198500 ms MarkObjects: 4.816800 ms  DeleteObjects: 0.059100 ms)

========================================================================
Received Prepare
Registering precompiled user dll's ...
Registered in 0.005434 seconds.
Begin MonoManager ReloadAssembly
Native extension for WindowsStandalone target not found
Native extension for WebGL target not found
Refreshing native plugins compatible for Editor in 0.63 ms, found 0 plugins.
Preloading 0 native plugins for Editor in 0.00 ms.
Invoked RoslynAnalysisRunner static constructor.
RoslynAnalysisRunner will not be running.
RoslynAnalysisRunner has terminated.
Mono: successfully reloaded assembly
- Completed reload, in  4.618 seconds
Platform modules already initialized, skipping
Refreshing native plugins compatible for Editor in 0.67 ms, found 0 plugins.
Preloading 0 native plugins for Editor in 0.00 ms.
Unloading 1239 Unused Serialized files (Serialized files now loaded: 0)
System memory in use before: 138.0 MB.
System memory in use after: 138.1 MB.

Unloading 5 unused Assets to reduce memory usage. Loaded Objects now: 1819.
Total: 8.006900 ms (FindLiveObjects: 0.514300 ms CreateObjectMapping: 0.134300 ms MarkObjects: 7.292100 ms  DeleteObjects: 0.060700 ms)

========================================================================
Received Prepare
Registering precompiled user dll's ...
Registered in 0.002863 seconds.
Begin MonoManager ReloadAssembly
Native extension for WindowsStandalone target not found
Native extension for WebGL target not found
Refreshing native plugins compatible for Editor in 0.64 ms, found 0 plugins.
Preloading 0 native plugins for Editor in 0.00 ms.
Invoked RoslynAnalysisRunner static constructor.
RoslynAnalysisRunner will not be running.
RoslynAnalysisRunner has terminated.
Mono: successfully reloaded assembly
- Completed reload, in  3.666 seconds
Platform modules already initialized, skipping
Refreshing native plugins compatible for Editor in 0.69 ms, found 0 plugins.
Preloading 0 native plugins for Editor in 0.00 ms.
Unloading 1239 Unused Serialized files (Serialized files now loaded: 0)
System memory in use before: 138.0 MB.
System memory in use after: 138.1 MB.

Unloading 5 unused Assets to reduce memory usage. Loaded Objects now: 1822.
Total: 7.214300 ms (FindLiveObjects: 1.747800 ms CreateObjectMapping: 0.402100 ms MarkObjects: 4.995600 ms  DeleteObjects: 0.061100 ms)

========================================================================
Received Prepare
Registering precompiled user dll's ...
Registered in 0.008976 seconds.
Begin MonoManager ReloadAssembly
Native extension for WindowsStandalone target not found
Native extension for WebGL target not found
Refreshing native plugins compatible for Editor in 1.21 ms, found 0 plugins.
Preloading 0 native plugins for Editor in 0.00 ms.
Invoked RoslynAnalysisRunner static constructor.
RoslynAnalysisRunner will not be running.
RoslynAnalysisRunner has terminated.
Mono: successfully reloaded assembly
- Completed reload, in  6.595 seconds
Platform modules already initialized, skipping
Refreshing native plugins compatible for Editor in 0.71 ms, found 0 plugins.
Preloading 0 native plugins for Editor in 0.00 ms.
Unloading 1239 Unused Serialized files (Serialized files now loaded: 0)
System memory in use before: 138.0 MB.
System memory in use after: 138.1 MB.

Unloading 5 unused Assets to reduce memory usage. Loaded Objects now: 1825.
Total: 6.394500 ms (FindLiveObjects: 0.612500 ms CreateObjectMapping: 0.242700 ms MarkObjects: 5.477000 ms  DeleteObjects: 0.056100 ms)

========================================================================
Received Import Request.
  Time since last request: 1658.334206 seconds.
  path: Assets/Scripts/QuitGame.cs
  artifactKey: Guid(665027a6f07ad434a9d113ec96648522) Importer(815301076,1909f56bfc062723c751e8b465ee728b)
Start importing Assets/Scripts/QuitGame.cs using Guid(665027a6f07ad434a9d113ec96648522) Importer(815301076,1909f56bfc062723c751e8b465ee728b)  -> (artifact id: 'b37f083aa3592ca72c8c9e9a2c6b8df1') in 0.135221 seconds
  Import took 0.226869 seconds .

========================================================================
Received Import Request.
  Time since last request: 0.389197 seconds.
  path: Assets/Scripts/QuitGame.cs
  artifactKey: Guid(665027a6f07ad434a9d113ec96648522) Importer(815301076,1909f56bfc062723c751e8b465ee728b)
Start importing Assets/Scripts/QuitGame.cs using Guid(665027a6f07ad434a9d113ec96648522) Importer(815301076,1909f56bfc062723c751e8b465ee728b)  -> (artifact id: 'b37f083aa3592ca72c8c9e9a2c6b8df1') in 0.083932 seconds
  Import took 0.101919 seconds .

========================================================================
Received Prepare
Registering precompiled user dll's ...
Registered in 0.002742 seconds.
Begin MonoManager ReloadAssembly
Native extension for WindowsStandalone target not found
Native extension for WebGL target not found
Refreshing native plugins compatible for Editor in 0.66 ms, found 0 plugins.
Preloading 0 native plugins for Editor in 0.00 ms.
Invoked RoslynAnalysisRunner static constructor.
RoslynAnalysisRunner will not be running.
RoslynAnalysisRunner has terminated.
Mono: successfully reloaded assembly
- Completed reload, in  4.907 seconds
Platform modules already initialized, skipping
Refreshing native plugins compatible for Editor in 1.06 ms, found 0 plugins.
Preloading 0 native plugins for Editor in 0.00 ms.
Unloading 1239 Unused Serialized files (Serialized files now loaded: 0)
System memory in use before: 138.0 MB.
System memory in use after: 138.1 MB.

Unloading 5 unused Assets to reduce memory usage. Loaded Objects now: 1828.
Total: 8.598900 ms (FindLiveObjects: 0.820200 ms CreateObjectMapping: 0.299300 ms MarkObjects: 7.087000 ms  DeleteObjects: 0.066700 ms)

========================================================================
Received Prepare
Registering precompiled user dll's ...
Registered in 0.030684 seconds.
Begin MonoManager ReloadAssembly
Native extension for WindowsStandalone target not found
Native extension for WebGL target not found
Refreshing native plugins compatible for Editor in 0.76 ms, found 0 plugins.
Preloading 0 native plugins for Editor in 0.00 ms.
Invoked RoslynAnalysisRunner static constructor.
RoslynAnalysisRunner will not be running.
RoslynAnalysisRunner has terminated.
Mono: successfully reloaded assembly
- Completed reload, in 39.935 seconds
Platform modules already initialized, skipping
Refreshing native plugins compatible for Editor in 0.87 ms, found 0 plugins.
Preloading 0 native plugins for Editor in 0.00 ms.
Unloading 1239 Unused Serialized files (Serialized files now loaded: 0)
System memory in use before: 138.0 MB.
System memory in use after: 138.1 MB.

Unloading 5 unused Assets to reduce memory usage. Loaded Objects now: 1831.
Total: 372.559400 ms (FindLiveObjects: 36.059100 ms CreateObjectMapping: 0.633400 ms MarkObjects: 335.591800 ms  DeleteObjects: 0.268100 ms)

========================================================================
Received Import Request.
  Time since last request: 2619.511379 seconds.
  path: Assets/Scripts/QuitGame.cs
  artifactKey: Guid(665027a6f07ad434a9d113ec96648522) Importer(815301076,1909f56bfc062723c751e8b465ee728b)
Start importing Assets/Scripts/QuitGame.cs using Guid(665027a6f07ad434a9d113ec96648522) Importer(815301076,1909f56bfc062723c751e8b465ee728b)  -> (artifact id: 'f8638fbaf931854b111449ab8545f7c8') in 0.401331 seconds
  Import took 0.660734 seconds .

========================================================================
Received Import Request.
  Time since last request: 0.666947 seconds.
  path: Assets/Scripts/QuitGame.cs
  artifactKey: Guid(665027a6f07ad434a9d113ec96648522) Importer(815301076,1909f56bfc062723c751e8b465ee728b)
Start importing Assets/Scripts/QuitGame.cs using Guid(665027a6f07ad434a9d113ec96648522) Importer(815301076,1909f56bfc062723c751e8b465ee728b)  -> (artifact id: 'f8638fbaf931854b111449ab8545f7c8') in 0.096430 seconds
  Import took 0.161440 seconds .

========================================================================
Received Prepare
Registering precompiled user dll's ...
Registered in 0.054513 seconds.
Begin MonoManager ReloadAssembly
Native extension for WindowsStandalone target not found
Native extension for WebGL target not found
Refreshing native plugins compatible for Editor in 1.20 ms, found 0 plugins.
Preloading 0 native plugins for Editor in 0.00 ms.
Invoked RoslynAnalysisRunner static constructor.
RoslynAnalysisRunner will not be running.
RoslynAnalysisRunner has terminated.
Mono: successfully reloaded assembly
- Completed reload, in  7.432 seconds
Platform modules already initialized, skipping
Refreshing native plugins compatible for Editor in 0.73 ms, found 0 plugins.
Preloading 0 native plugins for Editor in 0.00 ms.
Unloading 1239 Unused Serialized files (Serialized files now loaded: 0)
System memory in use before: 138.0 MB.
System memory in use after: 138.1 MB.

Unloading 5 unused Assets to reduce memory usage. Loaded Objects now: 1834.
Total: 20.699600 ms (FindLiveObjects: 0.876400 ms CreateObjectMapping: 0.217100 ms MarkObjects: 19.553000 ms  DeleteObjects: 0.048500 ms)

========================================================================
Received Prepare
Registering precompiled user dll's ...
Registered in 0.002866 seconds.
Begin MonoManager ReloadAssembly
Native extension for WindowsStandalone target not found
Native extension for WebGL target not found
Refreshing native plugins compatible for Editor in 0.73 ms, found 0 plugins.
Preloading 0 native plugins for Editor in 0.00 ms.
Invoked RoslynAnalysisRunner static constructor.
RoslynAnalysisRunner will not be running.
RoslynAnalysisRunner has terminated.
Mono: successfully reloaded assembly
- Completed reload, in  4.387 seconds
Platform modules already initialized, skipping
Refreshing native plugins compatible for Editor in 1.23 ms, found 0 plugins.
Preloading 0 native plugins for Editor in 0.00 ms.
Unloading 1238 Unused Serialized files (Serialized files now loaded: 0)
System memory in use before: 138.0 MB.
System memory in use after: 138.1 MB.

Unloading 5 unused Assets to reduce memory usage. Loaded Objects now: 1837.
Total: 6.532200 ms (FindLiveObjects: 0.687800 ms CreateObjectMapping: 0.197200 ms MarkObjects: 5.592000 ms  DeleteObjects: 0.048900 ms)

========================================================================
Received Import Request.
  Time since last request: 366.786911 seconds.
  path: Assets/Scripts/QuitGame.cs
  artifactKey: Guid(665027a6f07ad434a9d113ec96648522) Importer(815301076,1909f56bfc062723c751e8b465ee728b)
Start importing Assets/Scripts/QuitGame.cs using Guid(665027a6f07ad434a9d113ec96648522) Importer(815301076,1909f56bfc062723c751e8b465ee728b)  -> (artifact id: '475d47eb5207f7313b512fb3067ac8e6') in 0.193291 seconds
  Import took 0.245937 seconds .

========================================================================
Received Prepare
Registering precompiled user dll's ...
Registered in 0.005220 seconds.
Begin MonoManager ReloadAssembly
Native extension for WindowsStandalone target not found
Native extension for WebGL target not found
Refreshing native plugins compatible for Editor in 0.69 ms, found 0 plugins.
Preloading 0 native plugins for Editor in 0.00 ms.
Invoked RoslynAnalysisRunner static constructor.
RoslynAnalysisRunner will not be running.
RoslynAnalysisRunner has terminated.
Mono: successfully reloaded assembly
- Completed reload, in  6.511 seconds
Platform modules already initialized, skipping
Refreshing native plugins compatible for Editor in 1.28 ms, found 0 plugins.
Preloading 0 native plugins for Editor in 0.00 ms.
Unloading 1239 Unused Serialized files (Serialized files now loaded: 0)
System memory in use before: 138.1 MB.
System memory in use after: 138.2 MB.

Unloading 5 unused Assets to reduce memory usage. Loaded Objects now: 1840.
Total: 36.564900 ms (FindLiveObjects: 0.624900 ms CreateObjectMapping: 0.227700 ms MarkObjects: 35.622700 ms  DeleteObjects: 0.082600 ms)

========================================================================
Received Import Request.
  Time since last request: 63.003536 seconds.
  path: Assets/Scripts/QuitGame.cs
  artifactKey: Guid(665027a6f07ad434a9d113ec96648522) Importer(815301076,1909f56bfc062723c751e8b465ee728b)
Start importing Assets/Scripts/QuitGame.cs using Guid(665027a6f07ad434a9d113ec96648522) Importer(815301076,1909f56bfc062723c751e8b465ee728b)  -> (artifact id: '2aeabb2eb05c54df58f0cb7ea44111d0') in 0.022207 seconds
  Import took 0.059846 seconds .

========================================================================
Received Prepare
Registering precompiled user dll's ...
Registered in 0.003029 seconds.
Begin MonoManager ReloadAssembly
Native extension for WindowsStandalone target not found
Native extension for WebGL target not found
Refreshing native plugins compatible for Editor in 0.95 ms, found 0 plugins.
Preloading 0 native plugins for Editor in 0.00 ms.
Invoked RoslynAnalysisRunner static constructor.
RoslynAnalysisRunner will not be running.
RoslynAnalysisRunner has terminated.
Mono: successfully reloaded assembly
- Completed reload, in  4.706 seconds
Platform modules already initialized, skipping
Refreshing native plugins compatible for Editor in 1.04 ms, found 0 plugins.
Preloading 0 native plugins for Editor in 0.00 ms.
Unloading 1239 Unused Serialized files (Serialized files now loaded: 0)
System memory in use before: 138.1 MB.
System memory in use after: 138.2 MB.

Unloading 5 unused Assets to reduce memory usage. Loaded Objects now: 1843.
Total: 7.849200 ms (FindLiveObjects: 0.810900 ms CreateObjectMapping: 0.179700 ms MarkObjects: 6.793200 ms  DeleteObjects: 0.057100 ms)

========================================================================
Received Prepare
Registering precompiled user dll's ...
Registered in 0.003009 seconds.
Begin MonoManager ReloadAssembly
Native extension for WindowsStandalone target not found
Native extension for WebGL target not found
Refreshing native plugins compatible for Editor in 0.97 ms, found 0 plugins.
Preloading 0 native plugins for Editor in 0.00 ms.
Invoked RoslynAnalysisRunner static constructor.
RoslynAnalysisRunner will not be running.
RoslynAnalysisRunner has terminated.
Mono: successfully reloaded assembly
- Completed reload, in  7.575 seconds
Platform modules already initialized, skipping
Refreshing native plugins compatible for Editor in 1.16 ms, found 0 plugins.
Preloading 0 native plugins for Editor in 0.00 ms.
Unloading 1239 Unused Serialized files (Serialized files now loaded: 0)
System memory in use before: 138.1 MB.
System memory in use after: 138.2 MB.

Unloading 5 unused Assets to reduce memory usage. Loaded Objects now: 1846.
Total: 8.452000 ms (FindLiveObjects: 0.965200 ms CreateObjectMapping: 0.226200 ms MarkObjects: 7.195000 ms  DeleteObjects: 0.059000 ms)

========================================================================
Received Prepare
Registering precompiled user dll's ...
Registered in 0.002714 seconds.
Begin MonoManager ReloadAssembly
Native extension for WindowsStandalone target not found
Native extension for WebGL target not found
Refreshing native plugins compatible for Editor in 0.91 ms, found 0 plugins.
Preloading 0 native plugins for Editor in 0.00 ms.
Invoked RoslynAnalysisRunner static constructor.
RoslynAnalysisRunner will not be running.
RoslynAnalysisRunner has terminated.
Mono: successfully reloaded assembly
- Completed reload, in  4.063 seconds
Platform modules already initialized, skipping
Refreshing native plugins compatible for Editor in 1.08 ms, found 0 plugins.
Preloading 0 native plugins for Editor in 0.00 ms.
Unloading 1239 Unused Serialized files (Serialized files now loaded: 0)
System memory in use before: 138.1 MB.
System memory in use after: 138.2 MB.

Unloading 5 unused Assets to reduce memory usage. Loaded Objects now: 1849.
Total: 5.677100 ms (FindLiveObjects: 0.706100 ms CreateObjectMapping: 0.334200 ms MarkObjects: 4.583300 ms  DeleteObjects: 0.048700 ms)

========================================================================
Received Prepare
Registering precompiled user dll's ...
Registered in 0.002693 seconds.
Begin MonoManager ReloadAssembly
Native extension for WindowsStandalone target not found
Native extension for WebGL target not found
Refreshing native plugins compatible for Editor in 0.66 ms, found 0 plugins.
Preloading 0 native plugins for Editor in 0.00 ms.
Invoked RoslynAnalysisRunner static constructor.
RoslynAnalysisRunner will not be running.
RoslynAnalysisRunner has terminated.
Mono: successfully reloaded assembly
- Completed reload, in  4.021 seconds
Platform modules already initialized, skipping
Refreshing native plugins compatible for Editor in 0.72 ms, found 0 plugins.
Preloading 0 native plugins for Editor in 0.00 ms.
Unloading 1239 Unused Serialized files (Serialized files now loaded: 0)
System memory in use before: 138.1 MB.
System memory in use after: 138.2 MB.

Unloading 5 unused Assets to reduce memory usage. Loaded Objects now: 1852.
Total: 5.585200 ms (FindLiveObjects: 0.604400 ms CreateObjectMapping: 0.226200 ms MarkObjects: 4.697800 ms  DeleteObjects: 0.051900 ms)

========================================================================
Received Prepare
Registering precompiled user dll's ...
Registered in 0.083948 seconds.
Begin MonoManager ReloadAssembly
Native extension for WindowsStandalone target not found
Native extension for WebGL target not found
Refreshing native plugins compatible for Editor in 1.09 ms, found 0 plugins.
Preloading 0 native plugins for Editor in 0.00 ms.
Invoked RoslynAnalysisRunner static constructor.
RoslynAnalysisRunner will not be running.
RoslynAnalysisRunner has terminated.
Mono: successfully reloaded assembly
- Completed reload, in 25.172 seconds
Platform modules already initialized, skipping
Refreshing native plugins compatible for Editor in 0.73 ms, found 0 plugins.
Preloading 0 native plugins for Editor in 0.00 ms.
Unloading 1239 Unused Serialized files (Serialized files now loaded: 0)
System memory in use before: 138.1 MB.
System memory in use after: 138.2 MB.

Unloading 5 unused Assets to reduce memory usage. Loaded Objects now: 1855.
Total: 7.380800 ms (FindLiveObjects: 0.739800 ms CreateObjectMapping: 0.519000 ms MarkObjects: 5.955500 ms  DeleteObjects: 0.161200 ms)

========================================================================
Received Prepare
Registering precompiled user dll's ...
Registered in 0.002663 seconds.
Begin MonoManager ReloadAssembly
Native extension for WindowsStandalone target not found
Native extension for WebGL target not found
Refreshing native plugins compatible for Editor in 0.65 ms, found 0 plugins.
Preloading 0 native plugins for Editor in 0.00 ms.
Invoked RoslynAnalysisRunner static constructor.
RoslynAnalysisRunner will not be running.
RoslynAnalysisRunner has terminated.
Mono: successfully reloaded assembly
- Completed reload, in  6.939 seconds
Platform modules already initialized, skipping
Refreshing native plugins compatible for Editor in 0.70 ms, found 0 plugins.
Preloading 0 native plugins for Editor in 0.00 ms.
Unloading 1239 Unused Serialized files (Serialized files now loaded: 0)
System memory in use before: 138.1 MB.
System memory in use after: 138.2 MB.

Unloading 5 unused Assets to reduce memory usage. Loaded Objects now: 1858.
Total: 5.089600 ms (FindLiveObjects: 0.553100 ms CreateObjectMapping: 0.123100 ms MarkObjects: 4.360700 ms  DeleteObjects: 0.048100 ms)

========================================================================
Received Prepare
Registering precompiled user dll's ...
Registered in 0.003472 seconds.
Begin MonoManager ReloadAssembly
Native extension for WindowsStandalone target not found
Native extension for WebGL target not found
Refreshing native plugins compatible for Editor in 0.62 ms, found 0 plugins.
Preloading 0 native plugins for Editor in 0.00 ms.
Invoked RoslynAnalysisRunner static constructor.
RoslynAnalysisRunner will not be running.
RoslynAnalysisRunner has terminated.
Mono: successfully reloaded assembly
- Completed reload, in  3.778 seconds
Platform modules already initialized, skipping
Refreshing native plugins compatible for Editor in 0.71 ms, found 0 plugins.
Preloading 0 native plugins for Editor in 0.00 ms.
Unloading 1239 Unused Serialized files (Serialized files now loaded: 0)
System memory in use before: 138.1 MB.
System memory in use after: 138.2 MB.

Unloading 5 unused Assets to reduce memory usage. Loaded Objects now: 1861.
Total: 7.277300 ms (FindLiveObjects: 1.059000 ms CreateObjectMapping: 0.306200 ms MarkObjects: 5.851500 ms  DeleteObjects: 0.054300 ms)

========================================================================
Received Prepare
Registering precompiled user dll's ...
Registered in 0.016632 seconds.
Begin MonoManager ReloadAssembly
Native extension for WindowsStandalone target not found
Native extension for WebGL target not found
Refreshing native plugins compatible for Editor in 1.80 ms, found 0 plugins.
Preloading 0 native plugins for Editor in 0.00 ms.
Invoked RoslynAnalysisRunner static constructor.
RoslynAnalysisRunner will not be running.
RoslynAnalysisRunner has terminated.
Mono: successfully reloaded assembly
- Completed reload, in  6.892 seconds
Platform modules already initialized, skipping
Refreshing native plugins compatible for Editor in 0.73 ms, found 0 plugins.
Preloading 0 native plugins for Editor in 0.00 ms.
Unloading 1239 Unused Serialized files (Serialized files now loaded: 0)
System memory in use before: 138.1 MB.
System memory in use after: 138.2 MB.

Unloading 5 unused Assets to reduce memory usage. Loaded Objects now: 1864.
Total: 9.438500 ms (FindLiveObjects: 2.442900 ms CreateObjectMapping: 0.395500 ms MarkObjects: 6.516800 ms  DeleteObjects: 0.074800 ms)

========================================================================
Received Prepare
Registering precompiled user dll's ...
Registered in 0.030127 seconds.
Begin MonoManager ReloadAssembly
Native extension for WindowsStandalone target not found
Native extension for WebGL target not found
Refreshing native plugins compatible for Editor in 0.71 ms, found 0 plugins.
Preloading 0 native plugins for Editor in 0.00 ms.
Invoked RoslynAnalysisRunner static constructor.
RoslynAnalysisRunner will not be running.
RoslynAnalysisRunner has terminated.
Mono: successfully reloaded assembly
- Completed reload, in  5.780 seconds
Platform modules already initialized, skipping
Refreshing native plugins compatible for Editor in 0.86 ms, found 0 plugins.
Preloading 0 native plugins for Editor in 0.00 ms.
Unloading 1239 Unused Serialized files (Serialized files now loaded: 0)
System memory in use before: 138.1 MB.
System memory in use after: 138.2 MB.

Unloading 5 unused Assets to reduce memory usage. Loaded Objects now: 1867.
Total: 6.561400 ms (FindLiveObjects: 1.050500 ms CreateObjectMapping: 0.298400 ms MarkObjects: 5.151700 ms  DeleteObjects: 0.055300 ms)

========================================================================
Received Prepare
Registering precompiled user dll's ...
Registered in 0.006496 seconds.
Begin MonoManager ReloadAssembly
Native extension for WindowsStandalone target not found
Native extension for WebGL target not found
Refreshing native plugins compatible for Editor in 0.67 ms, found 0 plugins.
Preloading 0 native plugins for Editor in 0.00 ms.
Invoked RoslynAnalysisRunner static constructor.
RoslynAnalysisRunner will not be running.
RoslynAnalysisRunner has terminated.
Mono: successfully reloaded assembly
- Completed reload, in  4.960 seconds
Platform modules already initialized, skipping
Refreshing native plugins compatible for Editor in 3.79 ms, found 0 plugins.
Preloading 0 native plugins for Editor in 0.00 ms.
Unloading 1239 Unused Serialized files (Serialized files now loaded: 0)
System memory in use before: 138.1 MB.
System memory in use after: 138.2 MB.

Unloading 5 unused Assets to reduce memory usage. Loaded Objects now: 1870.
Total: 6.539400 ms (FindLiveObjects: 0.764300 ms CreateObjectMapping: 0.330500 ms MarkObjects: 5.380900 ms  DeleteObjects: 0.058100 ms)

========================================================================
Received Prepare
Registering precompiled user dll's ...
Registered in 0.003077 seconds.
Begin MonoManager ReloadAssembly
Native extension for WindowsStandalone target not found
Native extension for WebGL target not found
Refreshing native plugins compatible for Editor in 0.66 ms, found 0 plugins.
Preloading 0 native plugins for Editor in 0.00 ms.
Invoked RoslynAnalysisRunner static constructor.
RoslynAnalysisRunner will not be running.
RoslynAnalysisRunner has terminated.
Mono: successfully reloaded assembly
- Completed reload, in  4.085 seconds
Platform modules already initialized, skipping
Refreshing native plugins compatible for Editor in 0.79 ms, found 0 plugins.
Preloading 0 native plugins for Editor in 0.00 ms.
Unloading 1239 Unused Serialized files (Serialized files now loaded: 0)
System memory in use before: 138.1 MB.
System memory in use after: 138.2 MB.

Unloading 5 unused Assets to reduce memory usage. Loaded Objects now: 1873.
Total: 6.233600 ms (FindLiveObjects: 0.555700 ms CreateObjectMapping: 0.210700 ms MarkObjects: 5.396600 ms  DeleteObjects: 0.065300 ms)

========================================================================
Received Prepare
Registering precompiled user dll's ...
Registered in 0.003409 seconds.
Begin MonoManager ReloadAssembly
Native extension for WindowsStandalone target not found
Native extension for WebGL target not found
Refreshing native plugins compatible for Editor in 0.66 ms, found 0 plugins.
Preloading 0 native plugins for Editor in 0.00 ms.
Invoked RoslynAnalysisRunner static constructor.
RoslynAnalysisRunner will not be running.
RoslynAnalysisRunner has terminated.
Mono: successfully reloaded assembly
- Completed reload, in  4.317 seconds
Platform modules already initialized, skipping
Refreshing native plugins compatible for Editor in 0.68 ms, found 0 plugins.
Preloading 0 native plugins for Editor in 0.00 ms.
Unloading 1239 Unused Serialized files (Serialized files now loaded: 0)
System memory in use before: 138.2 MB.
System memory in use after: 138.3 MB.

Unloading 5 unused Assets to reduce memory usage. Loaded Objects now: 1876.
Total: 7.693100 ms (FindLiveObjects: 0.698200 ms CreateObjectMapping: 0.277500 ms MarkObjects: 6.653300 ms  DeleteObjects: 0.058500 ms)

========================================================================
Received Prepare
Registering precompiled user dll's ...
Registered in 0.003047 seconds.
Begin MonoManager ReloadAssembly
Native extension for WindowsStandalone target not found
Native extension for WebGL target not found
Refreshing native plugins compatible for Editor in 0.69 ms, found 0 plugins.
Preloading 0 native plugins for Editor in 0.00 ms.
Invoked RoslynAnalysisRunner static constructor.
RoslynAnalysisRunner will not be running.
RoslynAnalysisRunner has terminated.
Mono: successfully reloaded assembly
- Completed reload, in  4.303 seconds
Platform modules already initialized, skipping
Refreshing native plugins compatible for Editor in 0.84 ms, found 0 plugins.
Preloading 0 native plugins for Editor in 0.00 ms.
Unloading 1239 Unused Serialized files (Serialized files now loaded: 0)
System memory in use before: 138.2 MB.
System memory in use after: 138.3 MB.

Unloading 5 unused Assets to reduce memory usage. Loaded Objects now: 1879.
Total: 5.872100 ms (FindLiveObjects: 0.696800 ms CreateObjectMapping: 0.228700 ms MarkObjects: 4.888600 ms  DeleteObjects: 0.052300 ms)

========================================================================
Received Prepare
Registering precompiled user dll's ...
Registered in 0.003095 seconds.
Begin MonoManager ReloadAssembly
Native extension for WindowsStandalone target not found
Native extension for WebGL target not found
Refreshing native plugins compatible for Editor in 0.66 ms, found 0 plugins.
Preloading 0 native plugins for Editor in 0.00 ms.
Invoked RoslynAnalysisRunner static constructor.
RoslynAnalysisRunner will not be running.
RoslynAnalysisRunner has terminated.
Mono: successfully reloaded assembly
- Completed reload, in  3.816 seconds
Platform modules already initialized, skipping
Refreshing native plugins compatible for Editor in 0.73 ms, found 0 plugins.
Preloading 0 native plugins for Editor in 0.00 ms.
Unloading 1239 Unused Serialized files (Serialized files now loaded: 0)
System memory in use before: 138.2 MB.
System memory in use after: 138.3 MB.

Unloading 5 unused Assets to reduce memory usage. Loaded Objects now: 1882.
Total: 7.585200 ms (FindLiveObjects: 0.662400 ms CreateObjectMapping: 0.187800 ms MarkObjects: 6.364900 ms  DeleteObjects: 0.355300 ms)

========================================================================
Received Prepare
Registering precompiled user dll's ...
Registered in 0.064589 seconds.
Begin MonoManager ReloadAssembly
Native extension for WindowsStandalone target not found
Native extension for WebGL target not found
Refreshing native plugins compatible for Editor in 0.65 ms, found 0 plugins.
Preloading 0 native plugins for Editor in 0.00 ms.
Invoked RoslynAnalysisRunner static constructor.
RoslynAnalysisRunner will not be running.
RoslynAnalysisRunner has terminated.
Mono: successfully reloaded assembly
- Completed reload, in  4.934 seconds
Platform modules already initialized, skipping
Refreshing native plugins compatible for Editor in 1.33 ms, found 0 plugins.
Preloading 0 native plugins for Editor in 0.00 ms.
Unloading 1239 Unused Serialized files (Serialized files now loaded: 0)
System memory in use before: 138.2 MB.
System memory in use after: 138.3 MB.

Unloading 5 unused Assets to reduce memory usage. Loaded Objects now: 1885.
Total: 6.016600 ms (FindLiveObjects: 0.670700 ms CreateObjectMapping: 0.181500 ms MarkObjects: 5.101800 ms  DeleteObjects: 0.057000 ms)

========================================================================
Received Prepare
Registering precompiled user dll's ...
Registered in 0.002745 seconds.
Begin MonoManager ReloadAssembly
Native extension for WindowsStandalone target not found
Native extension for WebGL target not found
Refreshing native plugins compatible for Editor in 0.78 ms, found 0 plugins.
Preloading 0 native plugins for Editor in 0.00 ms.
Invoked RoslynAnalysisRunner static constructor.
RoslynAnalysisRunner will not be running.
RoslynAnalysisRunner has terminated.
Mono: successfully reloaded assembly
- Completed reload, in  3.817 seconds
Platform modules already initialized, skipping
Refreshing native plugins compatible for Editor in 0.70 ms, found 0 plugins.
Preloading 0 native plugins for Editor in 0.00 ms.
Unloading 1239 Unused Serialized files (Serialized files now loaded: 0)
System memory in use before: 138.2 MB.
System memory in use after: 138.3 MB.

Unloading 5 unused Assets to reduce memory usage. Loaded Objects now: 1888.
Total: 7.318800 ms (FindLiveObjects: 1.093900 ms CreateObjectMapping: 0.237100 ms MarkObjects: 5.920400 ms  DeleteObjects: 0.061800 ms)

========================================================================
Received Prepare
Registering precompiled user dll's ...
Registered in 0.002700 seconds.
Begin MonoManager ReloadAssembly
Native extension for WindowsStandalone target not found
Native extension for WebGL target not found
Refreshing native plugins compatible for Editor in 0.64 ms, found 0 plugins.
Preloading 0 native plugins for Editor in 0.00 ms.
Invoked RoslynAnalysisRunner static constructor.
RoslynAnalysisRunner will not be running.
RoslynAnalysisRunner has terminated.
Mono: successfully reloaded assembly
- Completed reload, in  3.775 seconds
Platform modules already initialized, skipping
Refreshing native plugins compatible for Editor in 0.87 ms, found 0 plugins.
Preloading 0 native plugins for Editor in 0.00 ms.
Unloading 1239 Unused Serialized files (Serialized files now loaded: 0)
System memory in use before: 138.2 MB.
System memory in use after: 138.3 MB.

Unloading 5 unused Assets to reduce memory usage. Loaded Objects now: 1891.
Total: 5.915800 ms (FindLiveObjects: 0.615200 ms CreateObjectMapping: 0.121900 ms MarkObjects: 5.117000 ms  DeleteObjects: 0.057000 ms)

========================================================================
Received Prepare
Registering precompiled user dll's ...
Registered in 0.003467 seconds.
Begin MonoManager ReloadAssembly
Native extension for WindowsStandalone target not found
Native extension for WebGL target not found
Refreshing native plugins compatible for Editor in 0.62 ms, found 0 plugins.
Preloading 0 native plugins for Editor in 0.00 ms.
Invoked RoslynAnalysisRunner static constructor.
RoslynAnalysisRunner will not be running.
RoslynAnalysisRunner has terminated.
Mono: successfully reloaded assembly
- Completed reload, in  4.345 seconds
Platform modules already initialized, skipping
Refreshing native plugins compatible for Editor in 2.69 ms, found 0 plugins.
Preloading 0 native plugins for Editor in 0.00 ms.
Unloading 1239 Unused Serialized files (Serialized files now loaded: 0)
System memory in use before: 138.2 MB.
System memory in use after: 138.3 MB.

Unloading 5 unused Assets to reduce memory usage. Loaded Objects now: 1894.
Total: 6.599300 ms (FindLiveObjects: 0.867400 ms CreateObjectMapping: 0.179600 ms MarkObjects: 5.459300 ms  DeleteObjects: 0.085600 ms)

========================================================================
Received Prepare
Registering precompiled user dll's ...
Registered in 0.016926 seconds.
Begin MonoManager ReloadAssembly
Native extension for WindowsStandalone target not found
Native extension for WebGL target not found
Refreshing native plugins compatible for Editor in 0.74 ms, found 0 plugins.
Preloading 0 native plugins for Editor in 0.00 ms.
Invoked RoslynAnalysisRunner static constructor.
RoslynAnalysisRunner will not be running.
RoslynAnalysisRunner has terminated.
Mono: successfully reloaded assembly
- Completed reload, in  6.866 seconds
Platform modules already initialized, skipping
Refreshing native plugins compatible for Editor in 0.84 ms, found 0 plugins.
Preloading 0 native plugins for Editor in 0.00 ms.
Unloading 1239 Unused Serialized files (Serialized files now loaded: 0)
System memory in use before: 138.2 MB.
System memory in use after: 138.3 MB.

Unloading 5 unused Assets to reduce memory usage. Loaded Objects now: 1897.
Total: 5.461300 ms (FindLiveObjects: 0.570800 ms CreateObjectMapping: 0.137800 ms MarkObjects: 4.695700 ms  DeleteObjects: 0.052700 ms)

========================================================================
Received Prepare
Registering precompiled user dll's ...
Registered in 0.002815 seconds.
Begin MonoManager ReloadAssembly
Native extension for WindowsStandalone target not found
Native extension for WebGL target not found
Refreshing native plugins compatible for Editor in 0.68 ms, found 0 plugins.
Preloading 0 native plugins for Editor in 0.00 ms.
Invoked RoslynAnalysisRunner static constructor.
RoslynAnalysisRunner will not be running.
RoslynAnalysisRunner has terminated.
Mono: successfully reloaded assembly
- Completed reload, in  4.661 seconds
Platform modules already initialized, skipping
Refreshing native plugins compatible for Editor in 1.02 ms, found 0 plugins.
Preloading 0 native plugins for Editor in 0.00 ms.
Unloading 1239 Unused Serialized files (Serialized files now loaded: 0)
System memory in use before: 138.2 MB.
System memory in use after: 138.3 MB.

Unloading 5 unused Assets to reduce memory usage. Loaded Objects now: 1900.
Total: 6.555900 ms (FindLiveObjects: 1.207800 ms CreateObjectMapping: 0.304700 ms MarkObjects: 4.985100 ms  DeleteObjects: 0.052200 ms)

========================================================================
Received Prepare
Registering precompiled user dll's ...
Registered in 0.003244 seconds.
Begin MonoManager ReloadAssembly
Native extension for WindowsStandalone target not found
Native extension for WebGL target not found
Refreshing native plugins compatible for Editor in 0.72 ms, found 0 plugins.
Preloading 0 native plugins for Editor in 0.00 ms.
Invoked RoslynAnalysisRunner static constructor.
RoslynAnalysisRunner will not be running.
RoslynAnalysisRunner has terminated.
Mono: successfully reloaded assembly
- Completed reload, in  4.487 seconds
Platform modules already initialized, skipping
Refreshing native plugins compatible for Editor in 11.15 ms, found 0 plugins.
Preloading 0 native plugins for Editor in 0.00 ms.
Unloading 1239 Unused Serialized files (Serialized files now loaded: 0)
System memory in use before: 138.2 MB.
System memory in use after: 138.3 MB.

Unloading 5 unused Assets to reduce memory usage. Loaded Objects now: 1903.
Total: 5.712200 ms (FindLiveObjects: 0.534400 ms CreateObjectMapping: 0.165400 ms MarkObjects: 4.944900 ms  DeleteObjects: 0.062400 ms)

========================================================================
Received Prepare
Registering precompiled user dll's ...
Registered in 0.004503 seconds.
Begin MonoManager ReloadAssembly
Native extension for WindowsStandalone target not found
Native extension for WebGL target not found
Refreshing native plugins compatible for Editor in 0.64 ms, found 0 plugins.
Preloading 0 native plugins for Editor in 0.00 ms.
Invoked RoslynAnalysisRunner static constructor.
RoslynAnalysisRunner will not be running.
RoslynAnalysisRunner has terminated.
Mono: successfully reloaded assembly
- Completed reload, in  4.348 seconds
Platform modules already initialized, skipping
Refreshing native plugins compatible for Editor in 0.76 ms, found 0 plugins.
Preloading 0 native plugins for Editor in 0.00 ms.
Unloading 1239 Unused Serialized files (Serialized files now loaded: 0)
System memory in use before: 138.2 MB.
System memory in use after: 138.3 MB.

Unloading 5 unused Assets to reduce memory usage. Loaded Objects now: 1906.
Total: 5.013300 ms (FindLiveObjects: 0.556100 ms CreateObjectMapping: 0.137000 ms MarkObjects: 4.269900 ms  DeleteObjects: 0.045900 ms)

========================================================================
Received Prepare
Registering precompiled user dll's ...
Registered in 0.003082 seconds.
Begin MonoManager ReloadAssembly
Native extension for WindowsStandalone target not found
Native extension for WebGL target not found
Refreshing native plugins compatible for Editor in 0.64 ms, found 0 plugins.
Preloading 0 native plugins for Editor in 0.00 ms.
Invoked RoslynAnalysisRunner static constructor.
RoslynAnalysisRunner will not be running.
RoslynAnalysisRunner has terminated.
Mono: successfully reloaded assembly
- Completed reload, in  4.248 seconds
Platform modules already initialized, skipping
Refreshing native plugins compatible for Editor in 0.85 ms, found 0 plugins.
Preloading 0 native plugins for Editor in 0.00 ms.
Unloading 1239 Unused Serialized files (Serialized files now loaded: 0)
System memory in use before: 138.2 MB.
System memory in use after: 138.3 MB.

Unloading 5 unused Assets to reduce memory usage. Loaded Objects now: 1909.
Total: 7.039500 ms (FindLiveObjects: 1.180100 ms CreateObjectMapping: 0.197900 ms MarkObjects: 5.572500 ms  DeleteObjects: 0.082800 ms)

========================================================================
Received Prepare
Registering precompiled user dll's ...
Registered in 0.003085 seconds.
Begin MonoManager ReloadAssembly
Native extension for WindowsStandalone target not found
Native extension for WebGL target not found
Refreshing native plugins compatible for Editor in 0.66 ms, found 0 plugins.
Preloading 0 native plugins for Editor in 0.00 ms.
Invoked RoslynAnalysisRunner static constructor.
RoslynAnalysisRunner will not be running.
RoslynAnalysisRunner has terminated.
Mono: successfully reloaded assembly
- Completed reload, in  5.168 seconds
Platform modules already initialized, skipping
Refreshing native plugins compatible for Editor in 0.71 ms, found 0 plugins.
Preloading 0 native plugins for Editor in 0.00 ms.
Unloading 1239 Unused Serialized files (Serialized files now loaded: 0)
System memory in use before: 138.2 MB.
System memory in use after: 138.3 MB.

Unloading 5 unused Assets to reduce memory usage. Loaded Objects now: 1912.
Total: 7.843200 ms (FindLiveObjects: 0.579200 ms CreateObjectMapping: 0.142300 ms MarkObjects: 7.042900 ms  DeleteObjects: 0.073800 ms)

========================================================================
Received Prepare
Registering precompiled user dll's ...
Registered in 0.003074 seconds.
Begin MonoManager ReloadAssembly
Native extension for WindowsStandalone target not found
Native extension for WebGL target not found
Refreshing native plugins compatible for Editor in 0.67 ms, found 0 plugins.
Preloading 0 native plugins for Editor in 0.00 ms.
Invoked RoslynAnalysisRunner static constructor.
RoslynAnalysisRunner will not be running.
RoslynAnalysisRunner has terminated.
Mono: successfully reloaded assembly
- Completed reload, in  4.887 seconds
Platform modules already initialized, skipping
Refreshing native plugins compatible for Editor in 0.77 ms, found 0 plugins.
Preloading 0 native plugins for Editor in 0.00 ms.
Unloading 1239 Unused Serialized files (Serialized files now loaded: 0)
System memory in use before: 138.2 MB.
System memory in use after: 138.3 MB.

Unloading 5 unused Assets to reduce memory usage. Loaded Objects now: 1915.
Total: 8.025400 ms (FindLiveObjects: 0.695800 ms CreateObjectMapping: 2.297100 ms MarkObjects: 4.972600 ms  DeleteObjects: 0.054700 ms)

========================================================================
Received Prepare
Registering precompiled user dll's ...
Registered in 0.004480 seconds.
Begin MonoManager ReloadAssembly
Native extension for WindowsStandalone target not found
Native extension for WebGL target not found
Refreshing native plugins compatible for Editor in 0.91 ms, found 0 plugins.
Preloading 0 native plugins for Editor in 0.00 ms.
Invoked RoslynAnalysisRunner static constructor.
RoslynAnalysisRunner will not be running.
RoslynAnalysisRunner has terminated.
Mono: successfully reloaded assembly
- Completed reload, in  6.191 seconds
Platform modules already initialized, skipping
Refreshing native plugins compatible for Editor in 1.90 ms, found 0 plugins.
Preloading 0 native plugins for Editor in 0.00 ms.
Unloading 1239 Unused Serialized files (Serialized files now loaded: 0)
System memory in use before: 138.3 MB.
System memory in use after: 138.4 MB.

Unloading 5 unused Assets to reduce memory usage. Loaded Objects now: 1918.
Total: 27.669100 ms (FindLiveObjects: 7.894600 ms CreateObjectMapping: 0.274200 ms MarkObjects: 19.298900 ms  DeleteObjects: 0.189900 ms)

AssetImportWorkerClient::OnTransportError - code=2 error=End of file
